[0.104s] DEBUG:colcon:Command line arguments: ['/usr/bin/colcon', 'build']
[0.104s] DEBUG:colcon:Parsed command line arguments: Namespace(log_base=None, log_level=None, verb_name='build', build_base='build', install_base='install', merge_install=False, symlink_install=False, test_result_base=None, continue_on_error=False, executor='parallel', parallel_workers=16, event_handlers=None, ignore_user_meta=False, metas=['./colcon.meta'], base_paths=['.'], packages_ignore=None, packages_ignore_regex=None, paths=None, packages_up_to=None, packages_up_to_regex=None, packages_above=None, packages_above_and_dependencies=None, packages_above_depth=None, packages_select_by_dep=None, packages_skip_by_dep=None, packages_skip_up_to=None, packages_select_build_failed=False, packages_skip_build_finished=False, packages_select_test_failures=False, packages_skip_test_passed=False, packages_select=None, packages_skip=None, packages_select_regex=None, packages_skip_regex=None, packages_start=None, packages_end=None, allow_overriding=[], cmake_args=None, cmake_target=None, cmake_target_skip_unavailable=False, cmake_clean_cache=False, cmake_clean_first=False, cmake_force_configure=False, ament_cmake_args=None, catkin_cmake_args=None, catkin_skip_building_tests=False, verb_parser=<colcon_defaults.argument_parser.defaults.DefaultArgumentsDecorator object at 0x7068ae0480d0>, verb_extension=<colcon_core.verb.build.BuildVerb object at 0x7068ae013b50>, main=<bound method BuildVerb.main of <colcon_core.verb.build.BuildVerb object at 0x7068ae013b50>>)
[0.232s] Level 1:colcon.colcon_core.package_discovery:discover_packages(colcon_meta) check parameters
[0.233s] Level 1:colcon.colcon_core.package_discovery:discover_packages(recursive) check parameters
[0.233s] Level 1:colcon.colcon_core.package_discovery:discover_packages(ignore) check parameters
[0.233s] Level 1:colcon.colcon_core.package_discovery:discover_packages(path) check parameters
[0.233s] Level 1:colcon.colcon_core.package_discovery:discover_packages(colcon_meta) discover
[0.233s] Level 1:colcon.colcon_core.package_discovery:discover_packages(recursive) discover
[0.233s] INFO:colcon.colcon_core.package_discovery:Crawling recursively for packages in '/home/jordan/ros2_teleops/src'
[0.233s] Level 1:colcon.colcon_core.package_identification:_identify(.) by extensions ['ignore', 'ignore_ament_install']
[0.233s] Level 1:colcon.colcon_core.package_identification:_identify(.) by extension 'ignore'
[0.233s] Level 1:colcon.colcon_core.package_identification:_identify(.) by extension 'ignore_ament_install'
[0.233s] Level 1:colcon.colcon_core.package_identification:_identify(.) by extensions ['colcon_pkg']
[0.233s] Level 1:colcon.colcon_core.package_identification:_identify(.) by extension 'colcon_pkg'
[0.233s] Level 1:colcon.colcon_core.package_identification:_identify(.) by extensions ['colcon_meta']
[0.233s] Level 1:colcon.colcon_core.package_identification:_identify(.) by extension 'colcon_meta'
[0.233s] Level 1:colcon.colcon_core.package_identification:_identify(.) by extensions ['ros']
[0.233s] Level 1:colcon.colcon_core.package_identification:_identify(.) by extension 'ros'
[0.242s] Level 1:colcon.colcon_core.package_identification:_identify(.) by extensions ['cmake', 'python']
[0.242s] Level 1:colcon.colcon_core.package_identification:_identify(.) by extension 'cmake'
[0.242s] Level 1:colcon.colcon_core.package_identification:_identify(.) by extension 'python'
[0.242s] Level 1:colcon.colcon_core.package_identification:_identify(.) by extensions ['python_setup_py']
[0.242s] Level 1:colcon.colcon_core.package_identification:_identify(.) by extension 'python_setup_py'
[0.243s] Level 1:colcon.colcon_core.package_identification:_identify(build) by extensions ['ignore', 'ignore_ament_install']
[0.243s] Level 1:colcon.colcon_core.package_identification:_identify(build) by extension 'ignore'
[0.243s] Level 1:colcon.colcon_core.package_identification:_identify(build) ignored
[0.243s] Level 1:colcon.colcon_core.package_identification:_identify(install) by extensions ['ignore', 'ignore_ament_install']
[0.243s] Level 1:colcon.colcon_core.package_identification:_identify(install) by extension 'ignore'
[0.243s] Level 1:colcon.colcon_core.package_identification:_identify(install) ignored
[0.243s] Level 1:colcon.colcon_core.package_identification:_identify(log) by extensions ['ignore', 'ignore_ament_install']
[0.243s] Level 1:colcon.colcon_core.package_identification:_identify(log) by extension 'ignore'
[0.243s] Level 1:colcon.colcon_core.package_identification:_identify(log) ignored
[0.243s] Level 1:colcon.colcon_core.package_identification:_identify(publisher_speed_test) by extensions ['ignore', 'ignore_ament_install']
[0.243s] Level 1:colcon.colcon_core.package_identification:_identify(publisher_speed_test) by extension 'ignore'
[0.243s] Level 1:colcon.colcon_core.package_identification:_identify(publisher_speed_test) by extension 'ignore_ament_install'
[0.243s] Level 1:colcon.colcon_core.package_identification:_identify(publisher_speed_test) by extensions ['colcon_pkg']
[0.243s] Level 1:colcon.colcon_core.package_identification:_identify(publisher_speed_test) by extension 'colcon_pkg'
[0.243s] Level 1:colcon.colcon_core.package_identification:_identify(publisher_speed_test) by extensions ['colcon_meta']
[0.243s] Level 1:colcon.colcon_core.package_identification:_identify(publisher_speed_test) by extension 'colcon_meta'
[0.243s] Level 1:colcon.colcon_core.package_identification:_identify(publisher_speed_test) by extensions ['ros']
[0.243s] Level 1:colcon.colcon_core.package_identification:_identify(publisher_speed_test) by extension 'ros'
[0.245s] DEBUG:colcon.colcon_core.package_identification:Package 'publisher_speed_test' with type 'ros.ament_cmake' and name 'publisher_speed_test'
[0.246s] Level 1:colcon.colcon_core.package_identification:_identify(subscriber_speed_test) by extensions ['ignore', 'ignore_ament_install']
[0.246s] Level 1:colcon.colcon_core.package_identification:_identify(subscriber_speed_test) by extension 'ignore'
[0.246s] Level 1:colcon.colcon_core.package_identification:_identify(subscriber_speed_test) by extension 'ignore_ament_install'
[0.246s] Level 1:colcon.colcon_core.package_identification:_identify(subscriber_speed_test) by extensions ['colcon_pkg']
[0.246s] Level 1:colcon.colcon_core.package_identification:_identify(subscriber_speed_test) by extension 'colcon_pkg'
[0.246s] Level 1:colcon.colcon_core.package_identification:_identify(subscriber_speed_test) by extensions ['colcon_meta']
[0.246s] Level 1:colcon.colcon_core.package_identification:_identify(subscriber_speed_test) by extension 'colcon_meta'
[0.246s] Level 1:colcon.colcon_core.package_identification:_identify(subscriber_speed_test) by extensions ['ros']
[0.246s] Level 1:colcon.colcon_core.package_identification:_identify(subscriber_speed_test) by extension 'ros'
[0.246s] DEBUG:colcon.colcon_core.package_identification:Package 'subscriber_speed_test' with type 'ros.ament_cmake' and name 'subscriber_speed_test'
[0.246s] Level 1:colcon.colcon_core.package_discovery:discover_packages(recursive) using defaults
[0.246s] Level 1:colcon.colcon_core.package_discovery:discover_packages(ignore) discover
[0.247s] Level 1:colcon.colcon_core.package_discovery:discover_packages(ignore) using defaults
[0.247s] Level 1:colcon.colcon_core.package_discovery:discover_packages(path) discover
[0.247s] Level 1:colcon.colcon_core.package_discovery:discover_packages(path) using defaults
[0.265s] Level 1:colcon.colcon_core.package_discovery:discover_packages(prefix_path) check parameters
[0.265s] Level 1:colcon.colcon_core.package_discovery:discover_packages(prefix_path) discover
[0.267s] DEBUG:colcon.colcon_installed_package_information.package_discovery:Found 1 installed packages in /home/jordan/ros2_teleops/install
[0.268s] DEBUG:colcon.colcon_installed_package_information.package_discovery:Found 270 installed packages in /opt/ros/humble
[0.269s] Level 1:colcon.colcon_core.package_discovery:discover_packages(prefix_path) using defaults
[0.306s] Level 5:colcon.colcon_core.verb:set package 'publisher_speed_test' build argument 'cmake_args' from command line to 'None'
[0.306s] Level 5:colcon.colcon_core.verb:set package 'publisher_speed_test' build argument 'cmake_target' from command line to 'None'
[0.306s] Level 5:colcon.colcon_core.verb:set package 'publisher_speed_test' build argument 'cmake_target_skip_unavailable' from command line to 'False'
[0.306s] Level 5:colcon.colcon_core.verb:set package 'publisher_speed_test' build argument 'cmake_clean_cache' from command line to 'False'
[0.306s] Level 5:colcon.colcon_core.verb:set package 'publisher_speed_test' build argument 'cmake_clean_first' from command line to 'False'
[0.306s] Level 5:colcon.colcon_core.verb:set package 'publisher_speed_test' build argument 'cmake_force_configure' from command line to 'False'
[0.306s] Level 5:colcon.colcon_core.verb:set package 'publisher_speed_test' build argument 'ament_cmake_args' from command line to 'None'
[0.306s] Level 5:colcon.colcon_core.verb:set package 'publisher_speed_test' build argument 'catkin_cmake_args' from command line to 'None'
[0.306s] Level 5:colcon.colcon_core.verb:set package 'publisher_speed_test' build argument 'catkin_skip_building_tests' from command line to 'False'
[0.306s] DEBUG:colcon.colcon_core.verb:Building package 'publisher_speed_test' with the following arguments: {'ament_cmake_args': None, 'build_base': '/home/jordan/ros2_teleops/src/build/publisher_speed_test', 'catkin_cmake_args': None, 'catkin_skip_building_tests': False, 'cmake_args': None, 'cmake_clean_cache': False, 'cmake_clean_first': False, 'cmake_force_configure': False, 'cmake_target': None, 'cmake_target_skip_unavailable': False, 'install_base': '/home/jordan/ros2_teleops/src/install/publisher_speed_test', 'merge_install': False, 'path': '/home/jordan/ros2_teleops/src/publisher_speed_test', 'symlink_install': False, 'test_result_base': None}
[0.307s] Level 5:colcon.colcon_core.verb:set package 'subscriber_speed_test' build argument 'cmake_args' from command line to 'None'
[0.307s] Level 5:colcon.colcon_core.verb:set package 'subscriber_speed_test' build argument 'cmake_target' from command line to 'None'
[0.307s] Level 5:colcon.colcon_core.verb:set package 'subscriber_speed_test' build argument 'cmake_target_skip_unavailable' from command line to 'False'
[0.307s] Level 5:colcon.colcon_core.verb:set package 'subscriber_speed_test' build argument 'cmake_clean_cache' from command line to 'False'
[0.307s] Level 5:colcon.colcon_core.verb:set package 'subscriber_speed_test' build argument 'cmake_clean_first' from command line to 'False'
[0.307s] Level 5:colcon.colcon_core.verb:set package 'subscriber_speed_test' build argument 'cmake_force_configure' from command line to 'False'
[0.307s] Level 5:colcon.colcon_core.verb:set package 'subscriber_speed_test' build argument 'ament_cmake_args' from command line to 'None'
[0.307s] Level 5:colcon.colcon_core.verb:set package 'subscriber_speed_test' build argument 'catkin_cmake_args' from command line to 'None'
[0.307s] Level 5:colcon.colcon_core.verb:set package 'subscriber_speed_test' build argument 'catkin_skip_building_tests' from command line to 'False'
[0.307s] DEBUG:colcon.colcon_core.verb:Building package 'subscriber_speed_test' with the following arguments: {'ament_cmake_args': None, 'build_base': '/home/jordan/ros2_teleops/src/build/subscriber_speed_test', 'catkin_cmake_args': None, 'catkin_skip_building_tests': False, 'cmake_args': None, 'cmake_clean_cache': False, 'cmake_clean_first': False, 'cmake_force_configure': False, 'cmake_target': None, 'cmake_target_skip_unavailable': False, 'install_base': '/home/jordan/ros2_teleops/src/install/subscriber_speed_test', 'merge_install': False, 'path': '/home/jordan/ros2_teleops/src/subscriber_speed_test', 'symlink_install': False, 'test_result_base': None}
[0.307s] INFO:colcon.colcon_core.executor:Executing jobs using 'parallel' executor
[0.308s] DEBUG:colcon.colcon_parallel_executor.executor.parallel:run_until_complete
[0.308s] INFO:colcon.colcon_ros.task.ament_cmake.build:Building ROS package in '/home/jordan/ros2_teleops/src/publisher_speed_test' with build type 'ament_cmake'
[0.308s] INFO:colcon.colcon_cmake.task.cmake.build:Building CMake package in '/home/jordan/ros2_teleops/src/publisher_speed_test'
[0.311s] INFO:colcon.colcon_core.plugin_system:Skipping extension 'colcon_core.shell.bat': Not used on non-Windows systems
[0.311s] INFO:colcon.colcon_core.shell:Skip shell extension 'powershell' for command environment: Not usable outside of PowerShell
[0.311s] DEBUG:colcon.colcon_core.shell:Skip shell extension 'dsv' for command environment
[0.314s] INFO:colcon.colcon_ros.task.ament_cmake.build:Building ROS package in '/home/jordan/ros2_teleops/src/subscriber_speed_test' with build type 'ament_cmake'
[0.314s] INFO:colcon.colcon_cmake.task.cmake.build:Building CMake package in '/home/jordan/ros2_teleops/src/subscriber_speed_test'
[0.314s] INFO:colcon.colcon_core.shell:Skip shell extension 'powershell' for command environment: Not usable outside of PowerShell
[0.314s] DEBUG:colcon.colcon_core.shell:Skip shell extension 'dsv' for command environment
[0.319s] DEBUG:colcon.colcon_core.event_handler.log_command:Invoking command in '/home/jordan/ros2_teleops/src/build/publisher_speed_test': CMAKE_PREFIX_PATH=${CMAKE_PREFIX_PATH}:/opt/ros/humble /usr/bin/cmake /home/jordan/ros2_teleops/src/publisher_speed_test -DCMAKE_INSTALL_PREFIX=/home/jordan/ros2_teleops/src/install/publisher_speed_test
[0.325s] DEBUG:colcon.colcon_core.event_handler.log_command:Invoking command in '/home/jordan/ros2_teleops/src/build/subscriber_speed_test': CMAKE_PREFIX_PATH=${CMAKE_PREFIX_PATH}:/opt/ros/humble /usr/bin/cmake /home/jordan/ros2_teleops/src/subscriber_speed_test -DCMAKE_INSTALL_PREFIX=/home/jordan/ros2_teleops/src/install/subscriber_speed_test
[1.556s] DEBUG:colcon.colcon_core.event_handler.log_command:Invoked command in '/home/jordan/ros2_teleops/src/build/subscriber_speed_test' returned '0': CMAKE_PREFIX_PATH=${CMAKE_PREFIX_PATH}:/opt/ros/humble /usr/bin/cmake /home/jordan/ros2_teleops/src/subscriber_speed_test -DCMAKE_INSTALL_PREFIX=/home/jordan/ros2_teleops/src/install/subscriber_speed_test
[1.557s] DEBUG:colcon.colcon_core.event_handler.log_command:Invoking command in '/home/jordan/ros2_teleops/src/build/subscriber_speed_test': CMAKE_PREFIX_PATH=${CMAKE_PREFIX_PATH}:/opt/ros/humble /usr/bin/cmake --build /home/jordan/ros2_teleops/src/build/subscriber_speed_test -- -j16 -l16
[1.564s] DEBUG:colcon.colcon_core.event_handler.log_command:Invoked command in '/home/jordan/ros2_teleops/src/build/publisher_speed_test' returned '0': CMAKE_PREFIX_PATH=${CMAKE_PREFIX_PATH}:/opt/ros/humble /usr/bin/cmake /home/jordan/ros2_teleops/src/publisher_speed_test -DCMAKE_INSTALL_PREFIX=/home/jordan/ros2_teleops/src/install/publisher_speed_test
[1.565s] DEBUG:colcon.colcon_core.event_handler.log_command:Invoking command in '/home/jordan/ros2_teleops/src/build/publisher_speed_test': CMAKE_PREFIX_PATH=${CMAKE_PREFIX_PATH}:/opt/ros/humble /usr/bin/cmake --build /home/jordan/ros2_teleops/src/build/publisher_speed_test -- -j16 -l16
[1.592s] DEBUG:colcon.colcon_core.event_handler.log_command:Invoked command in '/home/jordan/ros2_teleops/src/build/subscriber_speed_test' returned '0': CMAKE_PREFIX_PATH=${CMAKE_PREFIX_PATH}:/opt/ros/humble /usr/bin/cmake --build /home/jordan/ros2_teleops/src/build/subscriber_speed_test -- -j16 -l16
[1.620s] DEBUG:colcon.colcon_core.event_handler.log_command:Invoking command in '/home/jordan/ros2_teleops/src/build/subscriber_speed_test': CMAKE_PREFIX_PATH=${CMAKE_PREFIX_PATH}:/opt/ros/humble /usr/bin/cmake --install /home/jordan/ros2_teleops/src/build/subscriber_speed_test
[1.630s] Level 1:colcon.colcon_core.environment:create_environment_scripts_only(subscriber_speed_test)
[1.631s] DEBUG:colcon.colcon_core.event_handler.log_command:Invoked command in '/home/jordan/ros2_teleops/src/build/subscriber_speed_test' returned '0': CMAKE_PREFIX_PATH=${CMAKE_PREFIX_PATH}:/opt/ros/humble /usr/bin/cmake --install /home/jordan/ros2_teleops/src/build/subscriber_speed_test
[1.634s] Level 1:colcon.colcon_core.environment:checking '/home/jordan/ros2_teleops/src/install/subscriber_speed_test' for CMake module files
[1.635s] Level 1:colcon.colcon_core.environment:checking '/home/jordan/ros2_teleops/src/install/subscriber_speed_test' for CMake config files
[1.635s] Level 1:colcon.colcon_core.shell:create_environment_hook('subscriber_speed_test', 'cmake_prefix_path')
[1.635s] INFO:colcon.colcon_core.shell:Creating environment hook '/home/jordan/ros2_teleops/src/install/subscriber_speed_test/share/subscriber_speed_test/hook/cmake_prefix_path.ps1'
[1.635s] INFO:colcon.colcon_core.shell:Creating environment descriptor '/home/jordan/ros2_teleops/src/install/subscriber_speed_test/share/subscriber_speed_test/hook/cmake_prefix_path.dsv'
[1.636s] INFO:colcon.colcon_core.shell:Creating environment hook '/home/jordan/ros2_teleops/src/install/subscriber_speed_test/share/subscriber_speed_test/hook/cmake_prefix_path.sh'
[1.636s] Level 1:colcon.colcon_core.environment:checking '/home/jordan/ros2_teleops/src/install/subscriber_speed_test/bin'
[1.636s] Level 1:colcon.colcon_core.environment:checking '/home/jordan/ros2_teleops/src/install/subscriber_speed_test/lib/pkgconfig/subscriber_speed_test.pc'
[1.636s] Level 1:colcon.colcon_core.environment:checking '/home/jordan/ros2_teleops/src/install/subscriber_speed_test/lib/python3.10/site-packages'
[1.637s] Level 1:colcon.colcon_core.environment:checking '/home/jordan/ros2_teleops/src/install/subscriber_speed_test/bin'
[1.637s] INFO:colcon.colcon_core.shell:Creating package script '/home/jordan/ros2_teleops/src/install/subscriber_speed_test/share/subscriber_speed_test/package.ps1'
[1.637s] INFO:colcon.colcon_core.shell:Creating package descriptor '/home/jordan/ros2_teleops/src/install/subscriber_speed_test/share/subscriber_speed_test/package.dsv'
[1.638s] INFO:colcon.colcon_core.shell:Creating package script '/home/jordan/ros2_teleops/src/install/subscriber_speed_test/share/subscriber_speed_test/package.sh'
[1.638s] INFO:colcon.colcon_core.shell:Creating package script '/home/jordan/ros2_teleops/src/install/subscriber_speed_test/share/subscriber_speed_test/package.bash'
[1.639s] INFO:colcon.colcon_core.shell:Creating package script '/home/jordan/ros2_teleops/src/install/subscriber_speed_test/share/subscriber_speed_test/package.zsh'
[1.639s] Level 1:colcon.colcon_core.environment:create_file_with_runtime_dependencies(/home/jordan/ros2_teleops/src/install/subscriber_speed_test/share/colcon-core/packages/subscriber_speed_test)
[1.660s] Level 1:colcon.colcon_core.environment:create_environment_scripts_only(subscriber_speed_test)
[1.661s] Level 1:colcon.colcon_core.environment:checking '/home/jordan/ros2_teleops/src/install/subscriber_speed_test' for CMake module files
[1.661s] Level 1:colcon.colcon_core.environment:checking '/home/jordan/ros2_teleops/src/install/subscriber_speed_test' for CMake config files
[1.662s] Level 1:colcon.colcon_core.shell:create_environment_hook('subscriber_speed_test', 'cmake_prefix_path')
[1.662s] INFO:colcon.colcon_core.shell:Creating environment hook '/home/jordan/ros2_teleops/src/install/subscriber_speed_test/share/subscriber_speed_test/hook/cmake_prefix_path.ps1'
[1.662s] INFO:colcon.colcon_core.shell:Creating environment descriptor '/home/jordan/ros2_teleops/src/install/subscriber_speed_test/share/subscriber_speed_test/hook/cmake_prefix_path.dsv'
[1.662s] INFO:colcon.colcon_core.shell:Creating environment hook '/home/jordan/ros2_teleops/src/install/subscriber_speed_test/share/subscriber_speed_test/hook/cmake_prefix_path.sh'
[1.663s] Level 1:colcon.colcon_core.environment:checking '/home/jordan/ros2_teleops/src/install/subscriber_speed_test/bin'
[1.663s] Level 1:colcon.colcon_core.environment:checking '/home/jordan/ros2_teleops/src/install/subscriber_speed_test/lib/pkgconfig/subscriber_speed_test.pc'
[1.663s] Level 1:colcon.colcon_core.environment:checking '/home/jordan/ros2_teleops/src/install/subscriber_speed_test/lib/python3.10/site-packages'
[1.663s] Level 1:colcon.colcon_core.environment:checking '/home/jordan/ros2_teleops/src/install/subscriber_speed_test/bin'
[1.663s] INFO:colcon.colcon_core.shell:Creating package script '/home/jordan/ros2_teleops/src/install/subscriber_speed_test/share/subscriber_speed_test/package.ps1'
[1.663s] INFO:colcon.colcon_core.shell:Creating package descriptor '/home/jordan/ros2_teleops/src/install/subscriber_speed_test/share/subscriber_speed_test/package.dsv'
[1.664s] INFO:colcon.colcon_core.shell:Creating package script '/home/jordan/ros2_teleops/src/install/subscriber_speed_test/share/subscriber_speed_test/package.sh'
[1.664s] INFO:colcon.colcon_core.shell:Creating package script '/home/jordan/ros2_teleops/src/install/subscriber_speed_test/share/subscriber_speed_test/package.bash'
[1.664s] INFO:colcon.colcon_core.shell:Creating package script '/home/jordan/ros2_teleops/src/install/subscriber_speed_test/share/subscriber_speed_test/package.zsh'
[1.665s] Level 1:colcon.colcon_core.environment:create_file_with_runtime_dependencies(/home/jordan/ros2_teleops/src/install/subscriber_speed_test/share/colcon-core/packages/subscriber_speed_test)
[5.193s] DEBUG:colcon.colcon_core.event_handler.log_command:Invoked command in '/home/jordan/ros2_teleops/src/build/publisher_speed_test' returned '0': CMAKE_PREFIX_PATH=${CMAKE_PREFIX_PATH}:/opt/ros/humble /usr/bin/cmake --build /home/jordan/ros2_teleops/src/build/publisher_speed_test -- -j16 -l16
[5.219s] DEBUG:colcon.colcon_core.event_handler.log_command:Invoking command in '/home/jordan/ros2_teleops/src/build/publisher_speed_test': CMAKE_PREFIX_PATH=${CMAKE_PREFIX_PATH}:/opt/ros/humble /usr/bin/cmake --install /home/jordan/ros2_teleops/src/build/publisher_speed_test
[5.233s] Level 1:colcon.colcon_core.environment:create_environment_scripts_only(publisher_speed_test)
[5.233s] Level 1:colcon.colcon_core.environment:checking '/home/jordan/ros2_teleops/src/install/publisher_speed_test' for CMake module files
[5.234s] DEBUG:colcon.colcon_core.event_handler.log_command:Invoked command in '/home/jordan/ros2_teleops/src/build/publisher_speed_test' returned '0': CMAKE_PREFIX_PATH=${CMAKE_PREFIX_PATH}:/opt/ros/humble /usr/bin/cmake --install /home/jordan/ros2_teleops/src/build/publisher_speed_test
[5.234s] Level 1:colcon.colcon_core.environment:checking '/home/jordan/ros2_teleops/src/install/publisher_speed_test' for CMake config files
[5.234s] Level 1:colcon.colcon_core.shell:create_environment_hook('publisher_speed_test', 'cmake_prefix_path')
[5.234s] INFO:colcon.colcon_core.shell:Creating environment hook '/home/jordan/ros2_teleops/src/install/publisher_speed_test/share/publisher_speed_test/hook/cmake_prefix_path.ps1'
[5.234s] INFO:colcon.colcon_core.shell:Creating environment descriptor '/home/jordan/ros2_teleops/src/install/publisher_speed_test/share/publisher_speed_test/hook/cmake_prefix_path.dsv'
[5.235s] INFO:colcon.colcon_core.shell:Creating environment hook '/home/jordan/ros2_teleops/src/install/publisher_speed_test/share/publisher_speed_test/hook/cmake_prefix_path.sh'
[5.235s] Level 1:colcon.colcon_core.environment:checking '/home/jordan/ros2_teleops/src/install/publisher_speed_test/lib'
[5.235s] Level 1:colcon.colcon_core.environment:checking '/home/jordan/ros2_teleops/src/install/publisher_speed_test/bin'
[5.235s] Level 1:colcon.colcon_core.environment:checking '/home/jordan/ros2_teleops/src/install/publisher_speed_test/lib/pkgconfig/publisher_speed_test.pc'
[5.235s] Level 1:colcon.colcon_core.environment:checking '/home/jordan/ros2_teleops/src/install/publisher_speed_test/lib/python3.10/site-packages'
[5.236s] Level 1:colcon.colcon_core.environment:checking '/home/jordan/ros2_teleops/src/install/publisher_speed_test/bin'
[5.236s] INFO:colcon.colcon_core.shell:Creating package script '/home/jordan/ros2_teleops/src/install/publisher_speed_test/share/publisher_speed_test/package.ps1'
[5.236s] INFO:colcon.colcon_core.shell:Creating package descriptor '/home/jordan/ros2_teleops/src/install/publisher_speed_test/share/publisher_speed_test/package.dsv'
[5.236s] INFO:colcon.colcon_core.shell:Creating package script '/home/jordan/ros2_teleops/src/install/publisher_speed_test/share/publisher_speed_test/package.sh'
[5.236s] INFO:colcon.colcon_core.shell:Creating package script '/home/jordan/ros2_teleops/src/install/publisher_speed_test/share/publisher_speed_test/package.bash'
[5.237s] INFO:colcon.colcon_core.shell:Creating package script '/home/jordan/ros2_teleops/src/install/publisher_speed_test/share/publisher_speed_test/package.zsh'
[5.237s] Level 1:colcon.colcon_core.environment:create_file_with_runtime_dependencies(/home/jordan/ros2_teleops/src/install/publisher_speed_test/share/colcon-core/packages/publisher_speed_test)
[5.263s] Level 1:colcon.colcon_core.environment:create_environment_scripts_only(publisher_speed_test)
[5.264s] Level 1:colcon.colcon_core.environment:checking '/home/jordan/ros2_teleops/src/install/publisher_speed_test' for CMake module files
[5.264s] Level 1:colcon.colcon_core.environment:checking '/home/jordan/ros2_teleops/src/install/publisher_speed_test' for CMake config files
[5.264s] Level 1:colcon.colcon_core.shell:create_environment_hook('publisher_speed_test', 'cmake_prefix_path')
[5.264s] INFO:colcon.colcon_core.shell:Creating environment hook '/home/jordan/ros2_teleops/src/install/publisher_speed_test/share/publisher_speed_test/hook/cmake_prefix_path.ps1'
[5.265s] INFO:colcon.colcon_core.shell:Creating environment descriptor '/home/jordan/ros2_teleops/src/install/publisher_speed_test/share/publisher_speed_test/hook/cmake_prefix_path.dsv'
[5.265s] INFO:colcon.colcon_core.shell:Creating environment hook '/home/jordan/ros2_teleops/src/install/publisher_speed_test/share/publisher_speed_test/hook/cmake_prefix_path.sh'
[5.265s] Level 1:colcon.colcon_core.environment:checking '/home/jordan/ros2_teleops/src/install/publisher_speed_test/lib'
[5.265s] Level 1:colcon.colcon_core.environment:checking '/home/jordan/ros2_teleops/src/install/publisher_speed_test/bin'
[5.266s] Level 1:colcon.colcon_core.environment:checking '/home/jordan/ros2_teleops/src/install/publisher_speed_test/lib/pkgconfig/publisher_speed_test.pc'
[5.266s] Level 1:colcon.colcon_core.environment:checking '/home/jordan/ros2_teleops/src/install/publisher_speed_test/lib/python3.10/site-packages'
[5.266s] Level 1:colcon.colcon_core.environment:checking '/home/jordan/ros2_teleops/src/install/publisher_speed_test/bin'
[5.266s] INFO:colcon.colcon_core.shell:Creating package script '/home/jordan/ros2_teleops/src/install/publisher_speed_test/share/publisher_speed_test/package.ps1'
[5.266s] INFO:colcon.colcon_core.shell:Creating package descriptor '/home/jordan/ros2_teleops/src/install/publisher_speed_test/share/publisher_speed_test/package.dsv'
[5.267s] INFO:colcon.colcon_core.shell:Creating package script '/home/jordan/ros2_teleops/src/install/publisher_speed_test/share/publisher_speed_test/package.sh'
[5.267s] INFO:colcon.colcon_core.shell:Creating package script '/home/jordan/ros2_teleops/src/install/publisher_speed_test/share/publisher_speed_test/package.bash'
[5.267s] INFO:colcon.colcon_core.shell:Creating package script '/home/jordan/ros2_teleops/src/install/publisher_speed_test/share/publisher_speed_test/package.zsh'
[5.267s] Level 1:colcon.colcon_core.environment:create_file_with_runtime_dependencies(/home/jordan/ros2_teleops/src/install/publisher_speed_test/share/colcon-core/packages/publisher_speed_test)
[5.268s] DEBUG:colcon.colcon_parallel_executor.executor.parallel:closing loop
[5.268s] DEBUG:colcon.colcon_parallel_executor.executor.parallel:loop closed
[5.268s] DEBUG:colcon.colcon_parallel_executor.executor.parallel:run_until_complete finished with '0'
[5.268s] DEBUG:colcon.colcon_core.event_reactor:joining thread
[5.274s] INFO:colcon.colcon_core.plugin_system:Skipping extension 'colcon_notification.desktop_notification.terminal_notifier': Not used on non-Darwin systems
[5.274s] INFO:colcon.colcon_core.plugin_system:Skipping extension 'colcon_notification.desktop_notification.win32': Not used on non-Windows systems
[5.274s] INFO:colcon.colcon_notification.desktop_notification:Sending desktop notification using 'notify2'
[5.285s] DEBUG:colcon.colcon_core.event_reactor:joined thread
[5.285s] INFO:colcon.colcon_core.shell:Creating prefix script '/home/jordan/ros2_teleops/src/install/local_setup.ps1'
[5.286s] INFO:colcon.colcon_core.shell:Creating prefix util module '/home/jordan/ros2_teleops/src/install/_local_setup_util_ps1.py'
[5.287s] INFO:colcon.colcon_core.shell:Creating prefix chain script '/home/jordan/ros2_teleops/src/install/setup.ps1'
[5.288s] INFO:colcon.colcon_core.shell:Creating prefix script '/home/jordan/ros2_teleops/src/install/local_setup.sh'
[5.289s] INFO:colcon.colcon_core.shell:Creating prefix util module '/home/jordan/ros2_teleops/src/install/_local_setup_util_sh.py'
[5.289s] INFO:colcon.colcon_core.shell:Creating prefix chain script '/home/jordan/ros2_teleops/src/install/setup.sh'
[5.290s] INFO:colcon.colcon_core.shell:Creating prefix script '/home/jordan/ros2_teleops/src/install/local_setup.bash'
[5.290s] INFO:colcon.colcon_core.shell:Creating prefix chain script '/home/jordan/ros2_teleops/src/install/setup.bash'
[5.291s] INFO:colcon.colcon_core.shell:Creating prefix script '/home/jordan/ros2_teleops/src/install/local_setup.zsh'
[5.291s] INFO:colcon.colcon_core.shell:Creating prefix chain script '/home/jordan/ros2_teleops/src/install/setup.zsh'
