[0.013s] Invoking command in '/home/jordan/ros2_teleops/src/build/comport': CMAKE_PREFIX_PATH=${CMAKE_PREFIX_PATH}:/opt/ros/humble /usr/bin/cmake /home/jordan/ros2_teleops/src/comport -DCMAKE_INSTALL_PREFIX=/home/jordan/ros2_teleops/src/install/comport
[0.086s] -- The C compiler identification is GNU 11.4.0
[0.134s] -- The CXX compiler identification is GNU 11.4.0
[0.142s] -- Detecting C compiler ABI info
[0.202s] -- Detecting C compiler ABI info - done
[0.207s] -- Check for working C compiler: /usr/bin/cc - skipped
[0.207s] -- Detecting C compile features
[0.208s] -- Detecting C compile features - done
[0.210s] -- Detecting CXX compiler ABI info
[0.279s] -- Detecting CXX compiler ABI info - done
[0.284s] -- Check for working CXX compiler: /usr/bin/c++ - skipped
[0.284s] -- Detecting CXX compile features
[0.284s] -- Detecting CXX compile features - done
[0.288s] -- Found ament_cmake: 1.3.9 (/opt/ros/humble/share/ament_cmake/cmake)
[0.412s] -- Found Python3: /usr/bin/python3 (found version "3.10.12") found components: Interpreter 
[0.495s] -- Found rclcpp: 16.0.9 (/opt/ros/humble/share/rclcpp/cmake)
[0.538s] -- Found rosidl_generator_c: 3.1.5 (/opt/ros/humble/share/rosidl_generator_c/cmake)
[0.543s] -- Found rosidl_adapter: 3.1.5 (/opt/ros/humble/share/rosidl_adapter/cmake)
[0.552s] -- Found rosidl_generator_cpp: 3.1.5 (/opt/ros/humble/share/rosidl_generator_cpp/cmake)
[0.565s] -- Using all available rosidl_typesupport_c: rosidl_typesupport_fastrtps_c;rosidl_typesupport_introspection_c
[0.582s] -- Using all available rosidl_typesupport_cpp: rosidl_typesupport_fastrtps_cpp;rosidl_typesupport_introspection_cpp
[0.642s] -- Found rmw_implementation_cmake: 6.1.2 (/opt/ros/humble/share/rmw_implementation_cmake/cmake)
[0.645s] -- Found rmw_fastrtps_cpp: 6.2.6 (/opt/ros/humble/share/rmw_fastrtps_cpp/cmake)
[0.742s] -- Found OpenSSL: /usr/lib/x86_64-linux-gnu/libcrypto.so (found version "3.0.2")  
[0.765s] -- Found FastRTPS: /opt/ros/humble/include  
[0.806s] -- Using RMW implementation 'rmw_fastrtps_cpp' as default
[0.817s] -- Looking for pthread.h
[0.879s] -- Looking for pthread.h - found
[0.879s] -- Performing Test CMAKE_HAVE_LIBC_PTHREAD
[0.945s] -- Performing Test CMAKE_HAVE_LIBC_PTHREAD - Success
[0.946s] -- Found Threads: TRUE  
[1.067s] -- Found geometry_msgs: 4.2.4 (/opt/ros/humble/share/geometry_msgs/cmake)
[1.101s] -- Found ament_lint_auto: 0.12.11 (/opt/ros/humble/share/ament_lint_auto/cmake)
[1.187s] -- Added test 'cppcheck' to perform static code analysis on C / C++ code
[1.188s] -- Configured cppcheck include dirs: 
[1.188s] -- Configured cppcheck exclude dirs and/or files: 
[1.188s] -- Added test 'flake8' to check Python code syntax and style conventions
[1.188s] -- Added test 'lint_cmake' to check CMake code style
[1.189s] -- Added test 'pep257' to check Python code against some of the docstring style conventions in PEP 257
[1.190s] -- Added test 'uncrustify' to check C / C++ code style
[1.190s] -- Configured uncrustify additional arguments: 
[1.190s] -- Added test 'xmllint' to check XML markup files
[1.192s] -- Configuring done
[1.194s] [33mCMake Warning (dev) at CMakeLists.txt:24 (add_executable):
[1.194s]   Policy CMP0115 is not set: Source file extensions must be explicit.  Run
[1.194s]   "cmake --help-policy CMP0115" for policy details.  Use the cmake_policy
[1.194s]   command to set the policy and suppress this warning.
[1.194s] 
[1.195s]   File:
[1.195s] 
[1.195s]     /home/jordan/ros2_teleops/src/comport/src/read_write_com.cpp
[1.195s] This warning is for project developers.  Use -Wno-dev to suppress it.
[1.195s] [0m
[1.195s] [33mCMake Warning (dev) at CMakeLists.txt:27 (add_executable):
[1.195s]   Policy CMP0115 is not set: Source file extensions must be explicit.  Run
[1.195s]   "cmake --help-policy CMP0115" for policy details.  Use the cmake_policy
[1.195s]   command to set the policy and suppress this warning.
[1.196s] 
[1.196s]   File:
[1.196s] 
[1.196s]     /home/jordan/ros2_teleops/src/comport/src/read_com.cpp
[1.196s] This warning is for project developers.  Use -Wno-dev to suppress it.
[1.196s] [0m
[1.196s] [33mCMake Warning (dev) at CMakeLists.txt:30 (add_executable):
[1.196s]   Policy CMP0115 is not set: Source file extensions must be explicit.  Run
[1.196s]   "cmake --help-policy CMP0115" for policy details.  Use the cmake_policy
[1.196s]   command to set the policy and suppress this warning.
[1.196s] 
[1.197s]   File:
[1.197s] 
[1.197s]     /home/jordan/ros2_teleops/src/comport/src/write_com.cpp
[1.197s] This warning is for project developers.  Use -Wno-dev to suppress it.
[1.197s] [0m
[1.206s] -- Generating done
[1.208s] -- Build files have been written to: /home/jordan/ros2_teleops/src/build/comport
